<?xml version="1.0" encoding="UTF-8"?>
<!-- Generated by org.testng.reporters.JUnitReportReporter -->
<testsuite skipped="0" hostname="ITEM-S102759" name="mavenforjenkins.UITest" tests="1" failures="0" timestamp="2022-09-08T15:59:17 IST" time="10.761" errors="0">
  <testcase name="startBrowser" time="10.761" classname="mavenforjenkins.UITest"/>
  <system-out/>
</testsuite> <!-- mavenforjenkins.UITest -->
